{
  "RSpec": {
    "coverage": {
      "/home/cabox/workspace/safetycone/spec/features/defect_spec.rb": [
        1,
        null,
        1,
        1,
        1,
        2,
        null,
        1,
        1,
        1,
        1,
        1,
        1,
        null,
        1,
        null,
        1,
        1,
        1,
        null,
        1,
        null,
        null,
        null,
        1,
        1,
        2,
        null,
        1,
        1,
        1,
        1,
        1,
        1,
        null,
        1,
        null,
        1,
        1,
        1,
        1,
        null,
        1,
        null,
        null,
        null,
        1,
        1,
        1,
        1,
        1,
        null,
        1,
        null,
        null,
        null,
        1,
        1,
        2,
        null,
        1,
        1,
        1,
        1,
        null,
        1,
        null,
        null,
        1,
        1,
        1,
        1,
        null,
        1,
        null,
        null,
        null
      ],
      "/home/cabox/workspace/safetycone/spec/rails_helper.rb": [
        1,
        1,
        1,
        null,
        1,
        1,
        1,
        1,
        1,
        null,
        null,
        1,
        1,
        null,
        1,
        1,
        1,
        1,
        null,
        null,
        null,
        null,
        null,
        null,
        null,
        null,
        null,
        1,
        0,
        null,
        null,
        null,
        null,
        null,
        null,
        null,
        null,
        null,
        null,
        1,
        1,
        1,
        1,
        null,
        null
      ],
      "/home/cabox/workspace/safetycone/config/environment.rb": [
        null,
        1,
        null,
        null,
        1
      ],
      "/home/cabox/workspace/safetycone/config/application.rb": [
        1,
        null,
        1,
        null,
        null,
        null,
        1,
        null,
        1,
        1,
        null,
        1,
        1,
        null,
        null,
        null,
        null,
        1,
        1,
        1,
        1,
        null,
        null,
        null,
        null
      ],
      "/home/cabox/workspace/safetycone/config/boot.rb": [
        1,
        null,
        1,
        1
      ],
      "/home/cabox/workspace/safetycone/config/environments/test.rb": [
        1,
        null,
        null,
        null,
        null,
        null,
        null,
        1,
        null,
        null,
        null,
        null,
        1,
        null,
        null,
        1,
        1,
        null,
        null,
        null,
        null,
        1,
        1,
        null,
        null,
        1,
        null,
        null,
        1,
        null,
        null,
        1,
        null,
        1,
        null,
        null,
        null,
        null,
        1,
        null,
        null,
        1,
        null,
        null,
        null,
        null
      ],
      "/home/cabox/workspace/safetycone/config/initializers/application_controller_renderer.rb": [
        null,
        null,
        null,
        null,
        null,
        null,
        null,
        null
      ],
      "/home/cabox/workspace/safetycone/config/initializers/assets.rb": [
        null,
        null,
        null,
        1,
        null,
        null,
        null,
        null,
        1,
        null,
        null,
        null,
        null,
        null
      ],
      "/home/cabox/workspace/safetycone/config/initializers/backtrace_silencers.rb": [
        null,
        null,
        null,
        null,
        null,
        null,
        null
      ],
      "/home/cabox/workspace/safetycone/config/initializers/content_security_policy.rb": [
        null,
        null,
        null,
        null,
        null,
        null,
        null,
        null,
        null,
        null,
        null,
        null,
        null,
        null,
        null,
        null,
        null,
        null,
        null,
        null,
        null,
        null,
        null,
        null,
        null
      ],
      "/home/cabox/workspace/safetycone/config/initializers/cookies_serializer.rb": [
        null,
        null,
        null,
        null,
        1
      ],
      "/home/cabox/workspace/safetycone/config/initializers/filter_parameter_logging.rb": [
        null,
        null,
        null,
        1
      ],
      "/home/cabox/workspace/safetycone/config/initializers/inflections.rb": [
        null,
        null,
        null,
        null,
        null,
        null,
        null,
        null,
        null,
        null,
        null,
        null,
        null,
        null,
        null,
        null
      ],
      "/home/cabox/workspace/safetycone/config/initializers/mime_types.rb": [
        null,
        null,
        null,
        null
      ],
      "/home/cabox/workspace/safetycone/config/initializers/wrap_parameters.rb": [
        null,
        null,
        null,
        null,
        null,
        null,
        1,
        2,
        null,
        null,
        null,
        null,
        null,
        null
      ],
      "/home/cabox/workspace/safetycone/spec/factories.rb": [
        1,
        null,
        1,
        1,
        1,
        1,
        1,
        1,
        1,
        null,
        null,
        1,
        1,
        1,
        1,
        1,
        1,
        1,
        1,
        null,
        null,
        1,
        1,
        1,
        null,
        1,
        1,
        1,
        1,
        1,
        null,
        1,
        1,
        0,
        null,
        null,
        null,
        null,
        1,
        1,
        null,
        1,
        1,
        1,
        1,
        1,
        1,
        null,
        null,
        1,
        1,
        null,
        1,
        1,
        1,
        1,
        1,
        1,
        null,
        null,
        1,
        1,
        null,
        1,
        1,
        1,
        1,
        1,
        1,
        null,
        null,
        1,
        1,
        1,
        null,
        null,
        null
      ],
      "/home/cabox/workspace/safetycone/config/routes.rb": [
        1,
        null,
        1,
        1,
        1,
        1,
        1,
        1,
        1,
        1,
        1,
        1,
        null,
        1,
        1,
        null,
        1,
        1,
        null,
        1,
        1,
        1,
        null,
        null,
        1,
        1,
        1,
        1,
        null,
        null,
        null,
        null,
        1,
        1,
        1,
        1,
        null,
        null,
        null
      ],
      "/home/cabox/workspace/safetycone/app/helpers/admin/companies_helper.rb": [
        null,
        null,
        1,
        null
      ],
      "/home/cabox/workspace/safetycone/app/helpers/admin/pages_helper.rb": [
        null,
        null,
        1,
        null
      ],
      "/home/cabox/workspace/safetycone/app/helpers/admin/reports_helper.rb": [
        null,
        null,
        1,
        1,
        0,
        0,
        null,
        0,
        null,
        null,
        null,
        1,
        0,
        null,
        null,
        null,
        null,
        null,
        null,
        null,
        null,
        null,
        null,
        null,
        null,
        null,
        null,
        null,
        null,
        null,
        null,
        null,
        null,
        null,
        null,
        null,
        null,
        null,
        null,
        null,
        null,
        null,
        null,
        null,
        null,
        null,
        null,
        null,
        null,
        null,
        null,
        null,
        null,
        null,
        null,
        null,
        null,
        null,
        null,
        null,
        null,
        null,
        null,
        null,
        null,
        null,
        null,
        null
      ],
      "/home/cabox/workspace/safetycone/app/helpers/admin/trucks_helper.rb": [
        null,
        null,
        1,
        null
      ],
      "/home/cabox/workspace/safetycone/app/helpers/admin/users_helper.rb": [
        null,
        null,
        1,
        null
      ],
      "/home/cabox/workspace/safetycone/app/helpers/api/v1/reports_helper.rb": [
        null,
        null,
        1,
        null
      ],
      "/home/cabox/workspace/safetycone/app/helpers/api/v1/users_helper.rb": [
        null,
        null,
        1,
        null
      ],
      "/home/cabox/workspace/safetycone/app/helpers/application_helper.rb": [
        null,
        null,
        1,
        null
      ],
      "/home/cabox/workspace/safetycone/app/helpers/assets_helper.rb": [
        null,
        null,
        1,
        null
      ],
      "/home/cabox/workspace/safetycone/app/helpers/companies_helper.rb": [
        null,
        null,
        1,
        null
      ],
      "/home/cabox/workspace/safetycone/app/helpers/reports_helper.rb": [
        null,
        null,
        1,
        null
      ],
      "/home/cabox/workspace/safetycone/app/helpers/trucks_helper.rb": [
        null,
        null,
        1,
        null
      ],
      "/home/cabox/workspace/safetycone/app/helpers/users_helper.rb": [
        null,
        null,
        1,
        null
      ],
      "/home/cabox/workspace/safetycone/spec/support/factory_bot.rb": [
        1,
        1,
        null
      ],
      "/home/cabox/workspace/safetycone/app/controllers/admin/defects_controller.rb": [
        1,
        1,
        null,
        1,
        1,
        null,
        null,
        1,
        null,
        1,
        2,
        null,
        null,
        1,
        2,
        2,
        1,
        null,
        1,
        null,
        null,
        null,
        1,
        null,
        1,
        4,
        3,
        null,
        1,
        null,
        null,
        null,
        1,
        1,
        1,
        null,
        null,
        1,
        null,
        1,
        6,
        null,
        null,
        1,
        14,
        null,
        null
      ],
      "/home/cabox/workspace/safetycone/app/controllers/application_controller.rb": [
        null,
        null,
        1,
        null
      ],
      "/home/cabox/workspace/safetycone/app/models/defect.rb": [
        null,
        null,
        1,
        1,
        null,
        1,
        1,
        null,
        1,
        null
      ],
      "/home/cabox/workspace/safetycone/app/models/application_record.rb": [
        null,
        null,
        null,
        1,
        1,
        null
      ],
      "/home/cabox/workspace/safetycone/app/models/asset_check.rb": [
        null,
        null,
        1,
        null,
        1,
        1,
        1,
        null,
        1,
        1,
        null,
        1,
        0,
        null,
        null,
        1,
        0,
        null,
        null
      ]
    },
    "timestamp": 1562354580
  }
}
