{
  "RSpec": {
    "coverage": {
      "/home/cabox/workspace/safetycone/spec/models/user_spec.rb": [
        1,
        null,
        1,
        1,
        11,
        null,
        1,
        1,
        null,
        null,
        1,
        1,
        1,
        null,
        null,
        1,
        1,
        1,
        null,
        null,
        1,
        1,
        1,
        null,
        null,
        1,
        1,
        1,
        null,
        null,
        1,
        1,
        1,
        null,
        null,
        1,
        1,
        1,
        null,
        null,
        1,
        1,
        null,
        null,
        1,
        1,
        null,
        null,
        1,
        1,
        1,
        null,
        1,
        1,
        null,
        null
      ],
      "/home/cabox/workspace/safetycone/spec/rails_helper.rb": [
        null,
        1,
        1,
        1,
        1,
        null,
        1,
        1,
        null,
        null,
        null,
        null,
        null,
        null,
        null,
        null,
        null,
        null,
        null,
        null,
        null,
        null,
        null,
        null,
        null,
        null,
        null,
        1,
        1,
        null,
        0,
        0,
        null,
        1,
        null,
        1,
        null,
        null,
        null,
        null,
        1,
        null,
        null,
        null,
        null,
        null,
        null,
        null,
        null,
        null,
        null,
        null,
        null,
        null,
        null,
        1,
        null,
        null,
        1,
        null,
        null,
        null
      ],
      "/home/cabox/workspace/safetycone/config/environment.rb": [
        null,
        1,
        null,
        null,
        1
      ],
      "/home/cabox/workspace/safetycone/config/application.rb": [
        1,
        null,
        1,
        null,
        null,
        null,
        1,
        null,
        1,
        1,
        null,
        1,
        null,
        null,
        null,
        null,
        null,
        null,
        null
      ],
      "/home/cabox/workspace/safetycone/config/boot.rb": [
        1,
        null,
        1,
        1
      ],
      "/home/cabox/workspace/safetycone/config/environments/test.rb": [
        1,
        null,
        null,
        null,
        null,
        null,
        null,
        1,
        null,
        null,
        null,
        null,
        1,
        null,
        null,
        1,
        1,
        null,
        null,
        null,
        null,
        1,
        1,
        null,
        null,
        1,
        null,
        null,
        1,
        null,
        null,
        1,
        null,
        1,
        null,
        null,
        null,
        null,
        1,
        null,
        null,
        1,
        null,
        null,
        null,
        null
      ],
      "/home/cabox/workspace/safetycone/config/initializers/application_controller_renderer.rb": [
        null,
        null,
        null,
        null,
        null,
        null,
        null,
        null
      ],
      "/home/cabox/workspace/safetycone/config/initializers/assets.rb": [
        null,
        null,
        null,
        1,
        null,
        null,
        null,
        null,
        1,
        null,
        null,
        null,
        null,
        null
      ],
      "/home/cabox/workspace/safetycone/config/initializers/backtrace_silencers.rb": [
        null,
        null,
        null,
        null,
        null,
        null,
        null
      ],
      "/home/cabox/workspace/safetycone/config/initializers/content_security_policy.rb": [
        null,
        null,
        null,
        null,
        null,
        null,
        null,
        null,
        null,
        null,
        null,
        null,
        null,
        null,
        null,
        null,
        null,
        null,
        null,
        null,
        null,
        null,
        null,
        null,
        null
      ],
      "/home/cabox/workspace/safetycone/config/initializers/cookies_serializer.rb": [
        null,
        null,
        null,
        null,
        1
      ],
      "/home/cabox/workspace/safetycone/config/initializers/filter_parameter_logging.rb": [
        null,
        null,
        null,
        1
      ],
      "/home/cabox/workspace/safetycone/config/initializers/inflections.rb": [
        null,
        null,
        null,
        null,
        null,
        null,
        null,
        null,
        null,
        null,
        null,
        null,
        null,
        null,
        null,
        null
      ],
      "/home/cabox/workspace/safetycone/config/initializers/mime_types.rb": [
        null,
        null,
        null,
        null
      ],
      "/home/cabox/workspace/safetycone/config/initializers/wrap_parameters.rb": [
        null,
        null,
        null,
        null,
        null,
        null,
        1,
        2,
        null,
        null,
        null,
        null,
        null,
        null
      ],
      "/home/cabox/workspace/safetycone/config/routes.rb": [
        1,
        null,
        1,
        1,
        1,
        null,
        1,
        1,
        1,
        1,
        null,
        1,
        1,
        null,
        null,
        1,
        1,
        1,
        1,
        null,
        null,
        null,
        1,
        1,
        1,
        1,
        null,
        null,
        null
      ],
      "/home/cabox/workspace/safetycone/app/helpers/admin/companies_helper.rb": [
        null,
        null,
        1,
        null
      ],
      "/home/cabox/workspace/safetycone/app/helpers/admin/pages_helper.rb": [
        null,
        null,
        1,
        null
      ],
      "/home/cabox/workspace/safetycone/app/helpers/admin/reports_helper.rb": [
        null,
        null,
        1,
        null
      ],
      "/home/cabox/workspace/safetycone/app/helpers/admin/users_helper.rb": [
        null,
        null,
        1,
        null
      ],
      "/home/cabox/workspace/safetycone/app/helpers/api/v1/reports_helper.rb": [
        null,
        null,
        1,
        null
      ],
      "/home/cabox/workspace/safetycone/app/helpers/api/v1/users_helper.rb": [
        null,
        null,
        1,
        null
      ],
      "/home/cabox/workspace/safetycone/app/helpers/application_helper.rb": [
        null,
        null,
        1,
        null
      ],
      "/home/cabox/workspace/safetycone/app/helpers/companies_helper.rb": [
        null,
        null,
        1,
        null
      ],
      "/home/cabox/workspace/safetycone/app/helpers/users_helper.rb": [
        null,
        null,
        1,
        null
      ],
      "/home/cabox/workspace/safetycone/app/models/user.rb": [
        null,
        null,
        null,
        1,
        null,
        1,
        null,
        null,
        1,
        1,
        null,
        null,
        1,
        1,
        1,
        1,
        1,
        1,
        null,
        null,
        1,
        10,
        null,
        null,
        1,
        1,
        null,
        null,
        1,
        1,
        null,
        null
      ],
      "/home/cabox/workspace/safetycone/app/models/application_record.rb": [
        null,
        null,
        null,
        1,
        1,
        null
      ],
      "/home/cabox/workspace/safetycone/app/models/company.rb": [
        null,
        null,
        null,
        1,
        1,
        1,
        null,
        1,
        null,
        1,
        null,
        1,
        1,
        1,
        null
      ]
    },
    "timestamp": 1558116401
  }
}
